<?xml version="1.0" encoding="UTF-8"?>
<testsuite name="org.chaostocosmos.chaosgraph.awt2d.AWTGraphSimple1_Test" tests="1" skipped="0" failures="0" errors="0" timestamp="2020-10-26T08:10:26" hostname="KOOIN" time="1.096">
  <properties/>
  <testcase name="testAWTGraphSimple1" classname="org.chaostocosmos.chaosgraph.awt2d.AWTGraphSimple1_Test" time="1.096"/>
  <system-out><![CDATA[]]></system-out>
  <system-err><![CDATA[]]></system-err>
</testsuite>
